2023-01-13 17:33:41.507 [main] INFO  com.fufu.yygh.hosp.ServiceHospApplication - Starting ServiceHospApplication on LAPTOP-VPBDQMTL with PID 3228 (started by HP in E:\后端CSA\java\yygh)
2023-01-13 17:33:41.510 [main] INFO  com.fufu.yygh.hosp.ServiceHospApplication - The following profiles are active: dev
2023-01-13 17:33:42.265 [main] INFO  o.s.d.r.config.RepositoryConfigurationDelegate - Multiple Spring Data modules found, entering strict repository configuration mode!
2023-01-13 17:33:42.267 [main] INFO  o.s.d.r.config.RepositoryConfigurationDelegate - Bootstrapping Spring Data repositories in DEFAULT mode.
2023-01-13 17:33:42.288 [main] INFO  o.s.d.r.config.RepositoryConfigurationDelegate - Finished Spring Data repository scanning in 11ms. Found 0 repository interfaces.
2023-01-13 17:33:42.469 [main] INFO  o.s.c.s.PostProcessorRegistrationDelegate$BeanPostProcessorChecker - Bean 'org.springframework.transaction.annotation.ProxyTransactionManagementConfiguration' of type [org.springframework.transaction.annotation.ProxyTransactionManagementConfiguration] is not eligible for getting processed by all BeanPostProcessors (for example: not eligible for auto-proxying)
2023-01-13 17:33:42.688 [main] INFO  o.s.boot.web.embedded.tomcat.TomcatWebServer - Tomcat initialized with port(s): 8201 (http)
2023-01-13 17:33:42.696 [main] INFO  org.apache.coyote.http11.Http11NioProtocol - Initializing ProtocolHandler ["http-nio-8201"]
2023-01-13 17:33:42.697 [main] INFO  org.apache.catalina.core.StandardService - Starting service [Tomcat]
2023-01-13 17:33:42.697 [main] INFO  org.apache.catalina.core.StandardEngine - Starting Servlet engine: [Apache Tomcat/9.0.27]
2023-01-13 17:33:42.776 [main] INFO  o.a.c.core.ContainerBase.[Tomcat].[localhost].[/] - Initializing Spring embedded WebApplicationContext
2023-01-13 17:33:42.776 [main] INFO  org.springframework.web.context.ContextLoader - Root WebApplicationContext: initialization completed in 1223 ms
2023-01-13 17:33:43.765 [main] INFO  s.d.s.w.PropertySourcedRequestMappingHandlerMapping - Mapped URL path [/v2/api-docs] onto method [springfox.documentation.swagger2.web.Swagger2Controller#getDocumentation(String, HttpServletRequest)]
2023-01-13 17:33:43.875 [main] INFO  o.s.scheduling.concurrent.ThreadPoolTaskExecutor - Initializing ExecutorService 'applicationTaskExecutor'
2023-01-13 17:33:44.237 [main] INFO  s.d.s.web.plugins.DocumentationPluginsBootstrapper - Context refreshed
2023-01-13 17:33:44.248 [main] INFO  s.d.s.web.plugins.DocumentationPluginsBootstrapper - Found 2 custom documentation plugin(s)
2023-01-13 17:33:44.272 [main] INFO  s.d.spring.web.scanners.ApiListingReferenceScanner - Scanning for api listing references
2023-01-13 17:33:44.413 [main] INFO  s.d.spring.web.scanners.ApiListingReferenceScanner - Scanning for api listing references
2023-01-13 17:33:44.420 [main] INFO  org.apache.coyote.http11.Http11NioProtocol - Starting ProtocolHandler ["http-nio-8201"]
2023-01-13 17:33:44.438 [main] INFO  o.s.boot.web.embedded.tomcat.TomcatWebServer - Tomcat started on port(s): 8201 (http) with context path ''
2023-01-13 17:33:44.441 [main] INFO  com.fufu.yygh.hosp.ServiceHospApplication - Started ServiceHospApplication in 3.483 seconds (JVM running for 4.611)
2023-01-13 17:34:54.992 [SpringContextShutdownHook] INFO  o.s.scheduling.concurrent.ThreadPoolTaskExecutor - Shutting down ExecutorService 'applicationTaskExecutor'
